{"/Users/joaojunior/Documents/pokedex/src/@common/helpers/getPokemon.ts": {"path":"/Users/joaojunior/Documents/pokedex/src/@common/helpers/getPokemon.ts","statementMap":{"0":{"start":{"line":1,"column":33},"end":{"line":5,"column":1}},"1":{"start":{"line":2,"column":1},"end":{"line":4,"column":3}},"2":{"start":{"line":1,"column":13},"end":{"line":1,"column":33}}},"fnMap":{"0":{"name":"(anonymous_0)","decl":{"start":{"line":1,"column":33},"end":{"line":1,"column":34}},"loc":{"start":{"line":1,"column":49},"end":{"line":5,"column":1}}}},"branchMap":{},"s":{"0":1,"1":0,"2":1},"f":{"0":0},"b":{}}
,"/Users/joaojunior/Documents/pokedex/src/@common/helpers/index.ts": {"path":"/Users/joaojunior/Documents/pokedex/src/@common/helpers/index.ts","statementMap":{"0":{"start":{"line":1,"column":0},"end":{"line":1,"column":29}},"1":{"start":{"line":2,"column":0},"end":{"line":2,"column":30}}},"fnMap":{},"branchMap":{},"s":{"0":1,"1":1},"f":{},"b":{}}
,"/Users/joaojunior/Documents/pokedex/src/@common/helpers/reduceUrlId.ts": {"path":"/Users/joaojunior/Documents/pokedex/src/@common/helpers/reduceUrlId.ts","statementMap":{"0":{"start":{"line":1,"column":27},"end":{"line":6,"column":1}},"1":{"start":{"line":2,"column":1},"end":{"line":5,"column":20}},"2":{"start":{"line":1,"column":13},"end":{"line":1,"column":27}}},"fnMap":{"0":{"name":"(anonymous_0)","decl":{"start":{"line":1,"column":27},"end":{"line":1,"column":28}},"loc":{"start":{"line":1,"column":43},"end":{"line":6,"column":1}}}},"branchMap":{},"s":{"0":1,"1":2,"2":1},"f":{"0":2},"b":{}}
,"/Users/joaojunior/Documents/pokedex/src/@common/ui/default.ts": {"path":"/Users/joaojunior/Documents/pokedex/src/@common/ui/default.ts","statementMap":{"0":{"start":{"line":1,"column":0},"end":{"line":1,"column":52}},"1":{"start":{"line":3,"column":0},"end":{"line":3,"column":60}},"2":{"start":{"line":5,"column":13},"end":{"line":38,"column":3}},"3":{"start":{"line":40,"column":13},"end":{"line":42,"column":3}}},"fnMap":{},"branchMap":{},"s":{"0":7,"1":7,"2":7,"3":7},"f":{},"b":{}}
,"/Users/joaojunior/Documents/pokedex/src/@common/ui/index.ts": {"path":"/Users/joaojunior/Documents/pokedex/src/@common/ui/index.ts","statementMap":{"0":{"start":{"line":1,"column":0},"end":{"line":1,"column":24}},"1":{"start":{"line":2,"column":0},"end":{"line":2,"column":26}}},"fnMap":{},"branchMap":{},"s":{"0":7,"1":7},"f":{},"b":{}}
,"/Users/joaojunior/Documents/pokedex/src/@common/ui/theme.ts": {"path":"/Users/joaojunior/Documents/pokedex/src/@common/ui/theme.ts","statementMap":{"0":{"start":{"line":1,"column":0},"end":{"line":1,"column":49}},"1":{"start":{"line":3,"column":13},"end":{"line":3,"column":31}}},"fnMap":{},"branchMap":{},"s":{"0":7,"1":7},"f":{},"b":{}}
,"/Users/joaojunior/Documents/pokedex/src/@components/atoms/index.tsx": {"path":"/Users/joaojunior/Documents/pokedex/src/@components/atoms/index.tsx","statementMap":{"0":{"start":{"line":1,"column":0},"end":{"line":1,"column":30}},"1":{"start":{"line":2,"column":0},"end":{"line":2,"column":33}},"2":{"start":{"line":3,"column":0},"end":{"line":3,"column":27}},"3":{"start":{"line":4,"column":0},"end":{"line":4,"column":29}}},"fnMap":{},"branchMap":{},"s":{"0":2,"1":2,"2":2,"3":2},"f":{},"b":{}}
,"/Users/joaojunior/Documents/pokedex/src/@components/atoms/HeaderTitle/HeaderTitle.stories.tsx": {"path":"/Users/joaojunior/Documents/pokedex/src/@components/atoms/HeaderTitle/HeaderTitle.stories.tsx","statementMap":{"0":{"start":{"line":2,"column":0},"end":{"line":2,"column":40}},"1":{"start":{"line":4,"column":0},"end":{"line":4,"column":44}},"2":{"start":{"line":6,"column":16},"end":{"line":11,"column":2}},"3":{"start":{"line":13,"column":0},"end":{"line":16,"column":39}},"4":{"start":{"line":18,"column":58},"end":{"line":21,"column":null}},"5":{"start":{"line":19,"column":1},"end":{"line":20,"column":null}},"6":{"start":{"line":18,"column":13},"end":{"line":18,"column":58}},"7":{"start":{"line":24,"column":0},"end":{"line":26,"column":2}}},"fnMap":{"0":{"name":"(anonymous_0)","decl":{"start":{"line":18,"column":58},"end":{"line":18,"column":59}},"loc":{"start":{"line":19,"column":1},"end":{"line":20,"column":null}}}},"branchMap":{},"s":{"0":1,"1":1,"2":1,"3":1,"4":1,"5":1,"6":1,"7":1},"f":{"0":1},"b":{}}
,"/Users/joaojunior/Documents/pokedex/src/@components/atoms/HeaderTitle/HeaderTitle.tsx": {"path":"/Users/joaojunior/Documents/pokedex/src/@components/atoms/HeaderTitle/HeaderTitle.tsx","statementMap":{"0":{"start":{"line":1,"column":0},"end":{"line":1,"column":47}},"1":{"start":{"line":3,"column":0},"end":{"line":3,"column":52}},"2":{"start":{"line":5,"column":0},"end":{"line":5,"column":40}},"3":{"start":{"line":7,"column":16},"end":{"line":11,"column":2}},"4":{"start":{"line":13,"column":14},"end":{"line":18,"column":2}},"5":{"start":{"line":20,"column":17},"end":{"line":31,"column":2}},"6":{"start":{"line":33,"column":27},"end":{"line":48,"column":1}},"7":{"start":{"line":34,"column":18},"end":{"line":34,"column":31}},"8":{"start":{"line":36,"column":20},"end":{"line":38,"column":2}},"9":{"start":{"line":37,"column":2},"end":{"line":37,"column":15}},"10":{"start":{"line":40,"column":1},"end":{"line":47,"column":3}},"11":{"start":{"line":33,"column":13},"end":{"line":33,"column":27}}},"fnMap":{"0":{"name":"(anonymous_0)","decl":{"start":{"line":33,"column":27},"end":{"line":33,"column":28}},"loc":{"start":{"line":33,"column":60},"end":{"line":48,"column":1}}},"1":{"name":"(anonymous_1)","decl":{"start":{"line":36,"column":20},"end":{"line":36,"column":23}},"loc":{"start":{"line":36,"column":25},"end":{"line":38,"column":2}}}},"branchMap":{},"s":{"0":3,"1":3,"2":3,"3":3,"4":3,"5":3,"6":3,"7":1,"8":1,"9":1,"10":1,"11":3},"f":{"0":1,"1":1},"b":{}}
,"/Users/joaojunior/Documents/pokedex/src/@components/atoms/HeaderTitle/index.tsx": {"path":"/Users/joaojunior/Documents/pokedex/src/@components/atoms/HeaderTitle/index.tsx","statementMap":{"0":{"start":{"line":1,"column":0},"end":{"line":1,"column":30}}},"fnMap":{},"branchMap":{},"s":{"0":2},"f":{},"b":{}}
,"/Users/joaojunior/Documents/pokedex/src/@components/atoms/IconHeaderMenu/IconHeaderMenu.stories.tsx": {"path":"/Users/joaojunior/Documents/pokedex/src/@components/atoms/IconHeaderMenu/IconHeaderMenu.stories.tsx","statementMap":{"0":{"start":{"line":3,"column":0},"end":{"line":3,"column":47}},"1":{"start":{"line":5,"column":0},"end":{"line":5,"column":40}},"2":{"start":{"line":7,"column":0},"end":{"line":7,"column":50}},"3":{"start":{"line":9,"column":16},"end":{"line":11,"column":2}},"4":{"start":{"line":13,"column":0},"end":{"line":16,"column":42}},"5":{"start":{"line":18,"column":61},"end":{"line":21,"column":null}},"6":{"start":{"line":19,"column":1},"end":{"line":20,"column":null}},"7":{"start":{"line":18,"column":13},"end":{"line":18,"column":61}},"8":{"start":{"line":24,"column":0},"end":{"line":30,"column":2}}},"fnMap":{"0":{"name":"(anonymous_0)","decl":{"start":{"line":18,"column":61},"end":{"line":18,"column":62}},"loc":{"start":{"line":19,"column":1},"end":{"line":20,"column":null}}}},"branchMap":{},"s":{"0":1,"1":1,"2":1,"3":1,"4":1,"5":1,"6":1,"7":1,"8":1},"f":{"0":1},"b":{}}
,"/Users/joaojunior/Documents/pokedex/src/@components/atoms/IconHeaderMenu/IconHeaderMenu.tsx": {"path":"/Users/joaojunior/Documents/pokedex/src/@components/atoms/IconHeaderMenu/IconHeaderMenu.tsx","statementMap":{"0":{"start":{"line":1,"column":0},"end":{"line":1,"column":47}},"1":{"start":{"line":2,"column":0},"end":{"line":2,"column":40}},"2":{"start":{"line":10,"column":16},"end":{"line":24,"column":2}},"3":{"start":{"line":26,"column":30},"end":{"line":41,"column":1}},"4":{"start":{"line":27,"column":18},"end":{"line":27,"column":31}},"5":{"start":{"line":29,"column":21},"end":{"line":31,"column":2}},"6":{"start":{"line":30,"column":2},"end":{"line":30,"column":16}},"7":{"start":{"line":33,"column":1},"end":{"line":40,"column":3}},"8":{"start":{"line":36,"column":18},"end":{"line":36,"column":39}},"9":{"start":{"line":26,"column":13},"end":{"line":26,"column":30}}},"fnMap":{"0":{"name":"(anonymous_0)","decl":{"start":{"line":26,"column":30},"end":{"line":26,"column":31}},"loc":{"start":{"line":26,"column":64},"end":{"line":41,"column":1}}},"1":{"name":"(anonymous_1)","decl":{"start":{"line":29,"column":21},"end":{"line":29,"column":22}},"loc":{"start":{"line":29,"column":37},"end":{"line":31,"column":2}}},"2":{"name":"(anonymous_2)","decl":{"start":{"line":36,"column":12},"end":{"line":36,"column":15}},"loc":{"start":{"line":36,"column":18},"end":{"line":36,"column":39}}}},"branchMap":{},"s":{"0":3,"1":3,"2":3,"3":3,"4":10,"5":10,"6":1,"7":10,"8":1,"9":3},"f":{"0":10,"1":1,"2":1},"b":{}}
,"/Users/joaojunior/Documents/pokedex/src/@components/atoms/IconHeaderMenu/index.tsx": {"path":"/Users/joaojunior/Documents/pokedex/src/@components/atoms/IconHeaderMenu/index.tsx","statementMap":{"0":{"start":{"line":1,"column":0},"end":{"line":1,"column":33}}},"fnMap":{},"branchMap":{},"s":{"0":2},"f":{},"b":{}}
,"/Users/joaojunior/Documents/pokedex/src/@components/atoms/IconType/IconType.stories.tsx": {"path":"/Users/joaojunior/Documents/pokedex/src/@components/atoms/IconType/IconType.stories.tsx","statementMap":{"0":{"start":{"line":2,"column":0},"end":{"line":2,"column":40}},"1":{"start":{"line":4,"column":0},"end":{"line":4,"column":38}},"2":{"start":{"line":6,"column":16},"end":{"line":8,"column":2}},"3":{"start":{"line":10,"column":0},"end":{"line":13,"column":36}},"4":{"start":{"line":15,"column":55},"end":{"line":18,"column":null}},"5":{"start":{"line":16,"column":1},"end":{"line":17,"column":null}},"6":{"start":{"line":15,"column":13},"end":{"line":15,"column":55}},"7":{"start":{"line":21,"column":0},"end":{"line":56,"column":2}},"8":{"start":{"line":58,"column":0},"end":{"line":60,"column":2}}},"fnMap":{"0":{"name":"(anonymous_0)","decl":{"start":{"line":15,"column":55},"end":{"line":15,"column":56}},"loc":{"start":{"line":16,"column":1},"end":{"line":17,"column":null}}}},"branchMap":{},"s":{"0":1,"1":1,"2":1,"3":1,"4":1,"5":2,"6":1,"7":1,"8":1},"f":{"0":2},"b":{}}
,"/Users/joaojunior/Documents/pokedex/src/@components/atoms/IconType/IconType.tsx": {"path":"/Users/joaojunior/Documents/pokedex/src/@components/atoms/IconType/IconType.tsx","statementMap":{"0":{"start":{"line":3,"column":0},"end":{"line":3,"column":40}},"1":{"start":{"line":5,"column":0},"end":{"line":5,"column":77}},"2":{"start":{"line":6,"column":0},"end":{"line":6,"column":79}},"3":{"start":{"line":7,"column":0},"end":{"line":7,"column":83}},"4":{"start":{"line":8,"column":0},"end":{"line":8,"column":87}},"5":{"start":{"line":9,"column":0},"end":{"line":9,"column":81}},"6":{"start":{"line":10,"column":0},"end":{"line":10,"column":87}},"7":{"start":{"line":11,"column":0},"end":{"line":11,"column":79}},"8":{"start":{"line":12,"column":0},"end":{"line":12,"column":83}},"9":{"start":{"line":13,"column":0},"end":{"line":13,"column":81}},"10":{"start":{"line":14,"column":0},"end":{"line":14,"column":81}},"11":{"start":{"line":15,"column":0},"end":{"line":15,"column":83}},"12":{"start":{"line":16,"column":0},"end":{"line":16,"column":77}},"13":{"start":{"line":17,"column":0},"end":{"line":17,"column":83}},"14":{"start":{"line":18,"column":0},"end":{"line":18,"column":83}},"15":{"start":{"line":19,"column":0},"end":{"line":19,"column":85}},"16":{"start":{"line":20,"column":0},"end":{"line":20,"column":79}},"17":{"start":{"line":21,"column":0},"end":{"line":21,"column":81}},"18":{"start":{"line":22,"column":0},"end":{"line":22,"column":81}},"19":{"start":{"line":24,"column":19},"end":{"line":45,"column":2}},"20":{"start":{"line":47,"column":16},"end":{"line":308,"column":2}},"21":{"start":{"line":310,"column":24},"end":{"line":320,"column":null}},"22":{"start":{"line":317,"column":1},"end":{"line":319,"column":null}},"23":{"start":{"line":310,"column":13},"end":{"line":310,"column":24}}},"fnMap":{"0":{"name":"(anonymous_0)","decl":{"start":{"line":310,"column":24},"end":{"line":310,"column":25}},"loc":{"start":{"line":317,"column":1},"end":{"line":319,"column":null}}}},"branchMap":{"0":{"loc":{"start":{"line":312,"column":1},"end":{"line":312,"column":17}},"type":"default-arg","locations":[{"start":{"line":312,"column":8},"end":{"line":312,"column":17}}]},"1":{"loc":{"start":{"line":319,"column":3},"end":{"line":319,"column":63}},"type":"binary-expr","locations":[{"start":{"line":319,"column":3},"end":{"line":319,"column":18}},{"start":{"line":319,"column":22},"end":{"line":319,"column":40}},{"start":{"line":319,"column":44},"end":{"line":319,"column":63}}]}},"s":{"0":3,"1":3,"2":3,"3":3,"4":3,"5":3,"6":3,"7":3,"8":3,"9":3,"10":3,"11":3,"12":3,"13":3,"14":3,"15":3,"16":3,"17":3,"18":3,"19":3,"20":3,"21":3,"22":4,"23":3},"f":{"0":4},"b":{"0":[1],"1":[4,3,1]}}
,"/Users/joaojunior/Documents/pokedex/src/@components/atoms/IconType/index.tsx": {"path":"/Users/joaojunior/Documents/pokedex/src/@components/atoms/IconType/index.tsx","statementMap":{"0":{"start":{"line":1,"column":0},"end":{"line":1,"column":27}}},"fnMap":{},"branchMap":{},"s":{"0":2},"f":{},"b":{}}
,"/Users/joaojunior/Documents/pokedex/src/@components/atoms/Typography/Typography.stories.tsx": {"path":"/Users/joaojunior/Documents/pokedex/src/@components/atoms/Typography/Typography.stories.tsx","statementMap":{"0":{"start":{"line":3,"column":0},"end":{"line":3,"column":42}},"1":{"start":{"line":5,"column":0},"end":{"line":8,"column":38}},"2":{"start":{"line":10,"column":57},"end":{"line":11,"column":null}},"3":{"start":{"line":11,"column":1},"end":{"line":11,"column":25}},"4":{"start":{"line":10,"column":13},"end":{"line":10,"column":57}},"5":{"start":{"line":14,"column":0},"end":{"line":21,"column":2}},"6":{"start":{"line":23,"column":0},"end":{"line":26,"column":2}}},"fnMap":{"0":{"name":"(anonymous_0)","decl":{"start":{"line":10,"column":57},"end":{"line":10,"column":58}},"loc":{"start":{"line":11,"column":1},"end":{"line":11,"column":25}}}},"branchMap":{},"s":{"0":1,"1":1,"2":1,"3":1,"4":1,"5":1,"6":1},"f":{"0":1},"b":{}}
,"/Users/joaojunior/Documents/pokedex/src/@components/atoms/Typography/Typography.tsx": {"path":"/Users/joaojunior/Documents/pokedex/src/@components/atoms/Typography/Typography.tsx","statementMap":{"0":{"start":{"line":2,"column":0},"end":{"line":2,"column":40}},"1":{"start":{"line":6,"column":13},"end":{"line":22,"column":2}},"2":{"start":{"line":24,"column":36},"end":{"line":28,"column":null}},"3":{"start":{"line":28,"column":1},"end":{"line":28,"column":36}},"4":{"start":{"line":24,"column":13},"end":{"line":24,"column":36}}},"fnMap":{"0":{"name":"(anonymous_0)","decl":{"start":{"line":24,"column":36},"end":{"line":24,"column":37}},"loc":{"start":{"line":28,"column":1},"end":{"line":28,"column":36}}}},"branchMap":{},"s":{"0":3,"1":3,"2":3,"3":1,"4":3},"f":{"0":1},"b":{}}
,"/Users/joaojunior/Documents/pokedex/src/@components/atoms/Typography/index.tsx": {"path":"/Users/joaojunior/Documents/pokedex/src/@components/atoms/Typography/index.tsx","statementMap":{"0":{"start":{"line":1,"column":0},"end":{"line":1,"column":29}}},"fnMap":{},"branchMap":{},"s":{"0":2},"f":{},"b":{}}
,"/Users/joaojunior/Documents/pokedex/src/@components/molecules/HeaderMenu/HeaderMenu.stories.tsx": {"path":"/Users/joaojunior/Documents/pokedex/src/@components/molecules/HeaderMenu/HeaderMenu.stories.tsx","statementMap":{"0":{"start":{"line":3,"column":0},"end":{"line":3,"column":42}},"1":{"start":{"line":5,"column":0},"end":{"line":8,"column":38}},"2":{"start":{"line":10,"column":57},"end":{"line":10,"column":77}},"3":{"start":{"line":10,"column":63},"end":{"line":10,"column":77}},"4":{"start":{"line":10,"column":13},"end":{"line":10,"column":57}}},"fnMap":{"0":{"name":"(anonymous_0)","decl":{"start":{"line":10,"column":57},"end":{"line":10,"column":60}},"loc":{"start":{"line":10,"column":63},"end":{"line":10,"column":77}}}},"branchMap":{},"s":{"0":1,"1":1,"2":1,"3":3,"4":1},"f":{"0":3},"b":{}}
,"/Users/joaojunior/Documents/pokedex/src/@components/molecules/HeaderMenu/HeaderMenu.tsx": {"path":"/Users/joaojunior/Documents/pokedex/src/@components/molecules/HeaderMenu/HeaderMenu.tsx","statementMap":{"0":{"start":{"line":1,"column":0},"end":{"line":1,"column":77}},"1":{"start":{"line":3,"column":0},"end":{"line":3,"column":40}},"2":{"start":{"line":5,"column":0},"end":{"line":5,"column":55}},"3":{"start":{"line":7,"column":16},"end":{"line":15,"column":2}},"4":{"start":{"line":17,"column":26},"end":{"line":47,"column":1}},"5":{"start":{"line":18,"column":20},"end":{"line":34,"column":3}},"6":{"start":{"line":36,"column":1},"end":{"line":46,"column":3}},"7":{"start":{"line":40,"column":5},"end":{"line":40,"column":null}},"8":{"start":{"line":17,"column":13},"end":{"line":17,"column":26}}},"fnMap":{"0":{"name":"(anonymous_0)","decl":{"start":{"line":17,"column":26},"end":{"line":17,"column":29}},"loc":{"start":{"line":17,"column":31},"end":{"line":47,"column":1}}},"1":{"name":"(anonymous_1)","decl":{"start":{"line":39,"column":20},"end":{"line":39,"column":21}},"loc":{"start":{"line":40,"column":5},"end":{"line":40,"column":null}}}},"branchMap":{},"s":{"0":1,"1":1,"2":1,"3":1,"4":1,"5":3,"6":3,"7":9,"8":1},"f":{"0":3,"1":9},"b":{}}
,"/Users/joaojunior/Documents/pokedex/src/@components/molecules/HighlightHome/HighlightHome.stories.tsx": {"path":"/Users/joaojunior/Documents/pokedex/src/@components/molecules/HighlightHome/HighlightHome.stories.tsx","statementMap":{"0":{"start":{"line":3,"column":0},"end":{"line":3,"column":48}},"1":{"start":{"line":5,"column":0},"end":{"line":8,"column":41}},"2":{"start":{"line":10,"column":60},"end":{"line":11,"column":null}},"3":{"start":{"line":11,"column":1},"end":{"line":11,"column":28}},"4":{"start":{"line":10,"column":13},"end":{"line":10,"column":60}},"5":{"start":{"line":14,"column":0},"end":{"line":17,"column":2}}},"fnMap":{"0":{"name":"(anonymous_0)","decl":{"start":{"line":10,"column":60},"end":{"line":10,"column":61}},"loc":{"start":{"line":11,"column":1},"end":{"line":11,"column":28}}}},"branchMap":{},"s":{"0":1,"1":1,"2":1,"3":2,"4":1,"5":1},"f":{"0":2},"b":{}}
,"/Users/joaojunior/Documents/pokedex/src/@components/molecules/HighlightHome/HighlightHome.tsx": {"path":"/Users/joaojunior/Documents/pokedex/src/@components/molecules/HighlightHome/HighlightHome.tsx","statementMap":{"0":{"start":{"line":1,"column":0},"end":{"line":1,"column":40}},"1":{"start":{"line":3,"column":16},"end":{"line":5,"column":2}},"2":{"start":{"line":7,"column":14},"end":{"line":11,"column":2}},"3":{"start":{"line":13,"column":13},"end":{"line":17,"column":2}},"4":{"start":{"line":24,"column":29},"end":{"line":28,"column":null}},"5":{"start":{"line":25,"column":1},"end":{"line":27,"column":null}},"6":{"start":{"line":24,"column":13},"end":{"line":24,"column":29}}},"fnMap":{"0":{"name":"(anonymous_0)","decl":{"start":{"line":24,"column":29},"end":{"line":24,"column":30}},"loc":{"start":{"line":25,"column":1},"end":{"line":27,"column":null}}}},"branchMap":{"0":{"loc":{"start":{"line":27,"column":3},"end":{"line":27,"column":30}},"type":"binary-expr","locations":[{"start":{"line":27,"column":3},"end":{"line":27,"column":7}},{"start":{"line":27,"column":11},"end":{"line":27,"column":30}}]}},"s":{"0":1,"1":1,"2":1,"3":1,"4":1,"5":2,"6":1},"f":{"0":2},"b":{"0":[2,2]}}
,"/Users/joaojunior/Documents/pokedex/src/@components/molecules/PokemonCard/PokemonCard.stories.tsx": {"path":"/Users/joaojunior/Documents/pokedex/src/@components/molecules/PokemonCard/PokemonCard.stories.tsx","statementMap":{"0":{"start":{"line":4,"column":0},"end":{"line":4,"column":44}},"1":{"start":{"line":6,"column":0},"end":{"line":9,"column":39}},"2":{"start":{"line":11,"column":58},"end":{"line":12,"column":null}},"3":{"start":{"line":12,"column":1},"end":{"line":12,"column":26}},"4":{"start":{"line":11,"column":13},"end":{"line":11,"column":58}},"5":{"start":{"line":15,"column":0},"end":{"line":20,"column":2}}},"fnMap":{"0":{"name":"(anonymous_0)","decl":{"start":{"line":11,"column":58},"end":{"line":11,"column":59}},"loc":{"start":{"line":12,"column":1},"end":{"line":12,"column":26}}}},"branchMap":{},"s":{"0":1,"1":1,"2":1,"3":1,"4":1,"5":1},"f":{"0":1},"b":{}}
,"/Users/joaojunior/Documents/pokedex/src/@components/molecules/PokemonCard/PokemonCard.tsx": {"path":"/Users/joaojunior/Documents/pokedex/src/@components/molecules/PokemonCard/PokemonCard.tsx","statementMap":{"0":{"start":{"line":1,"column":0},"end":{"line":1,"column":40}},"1":{"start":{"line":2,"column":0},"end":{"line":2,"column":50}},"2":{"start":{"line":4,"column":0},"end":{"line":4,"column":49}},"3":{"start":{"line":6,"column":0},"end":{"line":6,"column":40}},"4":{"start":{"line":8,"column":16},"end":{"line":13,"column":2}},"5":{"start":{"line":15,"column":14},"end":{"line":22,"column":2}},"6":{"start":{"line":24,"column":13},"end":{"line":52,"column":2}},"7":{"start":{"line":54,"column":27},"end":{"line":87,"column":1}},"8":{"start":{"line":59,"column":21},"end":{"line":59,"column":37}},"9":{"start":{"line":61,"column":1},"end":{"line":86,"column":3}},"10":{"start":{"line":79,"column":6},"end":{"line":79,"column":null}},"11":{"start":{"line":54,"column":13},"end":{"line":54,"column":27}}},"fnMap":{"0":{"name":"(anonymous_0)","decl":{"start":{"line":54,"column":27},"end":{"line":54,"column":28}},"loc":{"start":{"line":58,"column":5},"end":{"line":87,"column":1}}},"1":{"name":"(anonymous_1)","decl":{"start":{"line":78,"column":25},"end":{"line":78,"column":26}},"loc":{"start":{"line":79,"column":6},"end":{"line":79,"column":null}}}},"branchMap":{},"s":{"0":1,"1":1,"2":1,"3":1,"4":1,"5":1,"6":1,"7":1,"8":1,"9":1,"10":2,"11":1},"f":{"0":1,"1":2},"b":{}}
,"/Users/joaojunior/Documents/pokedex/src/@hooks/index.tsx": {"path":"/Users/joaojunior/Documents/pokedex/src/@hooks/index.tsx","statementMap":{"0":{"start":{"line":1,"column":0},"end":{"line":1,"column":27}},"1":{"start":{"line":2,"column":0},"end":{"line":2,"column":29}},"2":{"start":{"line":3,"column":0},"end":{"line":3,"column":34}}},"fnMap":{},"branchMap":{},"s":{"0":1,"1":1,"2":1},"f":{},"b":{}}
,"/Users/joaojunior/Documents/pokedex/src/@hooks/usePokemon.tsx": {"path":"/Users/joaojunior/Documents/pokedex/src/@hooks/usePokemon.tsx","statementMap":{"0":{"start":{"line":1,"column":0},"end":{"line":1,"column":39}},"1":{"start":{"line":5,"column":0},"end":{"line":5,"column":48}},"2":{"start":{"line":7,"column":26},"end":{"line":28,"column":1}},"3":{"start":{"line":8,"column":39},"end":{"line":21,"column":null}},"4":{"start":{"line":11,"column":3},"end":{"line":17,"column":null}},"5":{"start":{"line":12,"column":21},"end":{"line":12,"column":58}},"6":{"start":{"line":14,"column":4},"end":{"line":14,"column":33}},"7":{"start":{"line":16,"column":4},"end":{"line":16,"column":23}},"8":{"start":{"line":24,"column":1},"end":{"line":27,"column":3}},"9":{"start":{"line":7,"column":13},"end":{"line":7,"column":26}}},"fnMap":{"0":{"name":"(anonymous_0)","decl":{"start":{"line":7,"column":26},"end":{"line":7,"column":27}},"loc":{"start":{"line":7,"column":45},"end":{"line":28,"column":1}}},"1":{"name":"(anonymous_1)","decl":{"start":{"line":10,"column":2},"end":{"line":10,"column":7}},"loc":{"start":{"line":10,"column":13},"end":{"line":18,"column":3}}}},"branchMap":{"0":{"loc":{"start":{"line":7,"column":27},"end":{"line":7,"column":41}},"type":"default-arg","locations":[{"start":{"line":7,"column":39},"end":{"line":7,"column":41}}]},"1":{"loc":{"start":{"line":14,"column":11},"end":{"line":14,"column":32}},"type":"binary-expr","locations":[{"start":{"line":14,"column":11},"end":{"line":14,"column":24}},{"start":{"line":14,"column":28},"end":{"line":14,"column":32}}]}},"s":{"0":1,"1":1,"2":1,"3":0,"4":0,"5":0,"6":0,"7":0,"8":0,"9":1},"f":{"0":0,"1":0},"b":{"0":[0],"1":[0,0]}}
,"/Users/joaojunior/Documents/pokedex/src/@hooks/usePokemonTypes.tsx": {"path":"/Users/joaojunior/Documents/pokedex/src/@hooks/usePokemonTypes.tsx","statementMap":{"0":{"start":{"line":1,"column":0},"end":{"line":1,"column":39}},"1":{"start":{"line":3,"column":0},"end":{"line":3,"column":56}},"2":{"start":{"line":5,"column":0},"end":{"line":5,"column":48}},"3":{"start":{"line":14,"column":31},"end":{"line":52,"column":1}},"4":{"start":{"line":15,"column":39},"end":{"line":45,"column":null}},"5":{"start":{"line":23,"column":3},"end":{"line":41,"column":null}},"6":{"start":{"line":24,"column":21},"end":{"line":28,"column":6}},"7":{"start":{"line":30,"column":15},"end":{"line":30,"column":17}},"8":{"start":{"line":32,"column":4},"end":{"line":36,"column":null}},"9":{"start":{"line":33,"column":5},"end":{"line":35,"column":42}},"10":{"start":{"line":34,"column":31},"end":{"line":34,"column":73}},"11":{"start":{"line":35,"column":28},"end":{"line":35,"column":40}},"12":{"start":{"line":38,"column":4},"end":{"line":38,"column":22}},"13":{"start":{"line":40,"column":4},"end":{"line":40,"column":23}},"14":{"start":{"line":48,"column":1},"end":{"line":51,"column":3}},"15":{"start":{"line":14,"column":13},"end":{"line":14,"column":31}}},"fnMap":{"0":{"name":"(anonymous_0)","decl":{"start":{"line":14,"column":31},"end":{"line":14,"column":32}},"loc":{"start":{"line":14,"column":47},"end":{"line":52,"column":1}}},"1":{"name":"(anonymous_1)","decl":{"start":{"line":22,"column":2},"end":{"line":22,"column":7}},"loc":{"start":{"line":22,"column":13},"end":{"line":42,"column":3}}},"2":{"name":"(anonymous_2)","decl":{"start":{"line":34,"column":14},"end":{"line":34,"column":15}},"loc":{"start":{"line":34,"column":31},"end":{"line":34,"column":73}}},"3":{"name":"(anonymous_3)","decl":{"start":{"line":35,"column":11},"end":{"line":35,"column":12}},"loc":{"start":{"line":35,"column":28},"end":{"line":35,"column":40}}}},"branchMap":{"0":{"loc":{"start":{"line":14,"column":32},"end":{"line":14,"column":43}},"type":"default-arg","locations":[{"start":{"line":14,"column":41},"end":{"line":14,"column":43}}]},"1":{"loc":{"start":{"line":32,"column":4},"end":{"line":36,"column":null}},"type":"if","locations":[{"start":{"line":32,"column":4},"end":{"line":36,"column":null}}]},"2":{"loc":{"start":{"line":38,"column":11},"end":{"line":38,"column":21}},"type":"binary-expr","locations":[{"start":{"line":38,"column":11},"end":{"line":38,"column":15}},{"start":{"line":38,"column":19},"end":{"line":38,"column":21}}]}},"s":{"0":1,"1":1,"2":1,"3":1,"4":0,"5":0,"6":0,"7":0,"8":0,"9":0,"10":0,"11":0,"12":0,"13":0,"14":0,"15":1},"f":{"0":0,"1":0,"2":0,"3":0},"b":{"0":[0],"1":[0],"2":[0,0]}}
,"/Users/joaojunior/Documents/pokedex/src/@hooks/useTypes.tsx": {"path":"/Users/joaojunior/Documents/pokedex/src/@hooks/useTypes.tsx","statementMap":{"0":{"start":{"line":1,"column":0},"end":{"line":1,"column":39}},"1":{"start":{"line":3,"column":0},"end":{"line":3,"column":48}},"2":{"start":{"line":5,"column":24},"end":{"line":35,"column":1}},"3":{"start":{"line":6,"column":39},"end":{"line":28,"column":null}},"4":{"start":{"line":14,"column":3},"end":{"line":24,"column":null}},"5":{"start":{"line":15,"column":21},"end":{"line":19,"column":6}},"6":{"start":{"line":21,"column":4},"end":{"line":21,"column":39}},"7":{"start":{"line":23,"column":4},"end":{"line":23,"column":23}},"8":{"start":{"line":31,"column":1},"end":{"line":34,"column":3}},"9":{"start":{"line":5,"column":13},"end":{"line":5,"column":24}}},"fnMap":{"0":{"name":"(anonymous_0)","decl":{"start":{"line":5,"column":24},"end":{"line":5,"column":27}},"loc":{"start":{"line":5,"column":29},"end":{"line":35,"column":1}}},"1":{"name":"(anonymous_1)","decl":{"start":{"line":13,"column":2},"end":{"line":13,"column":7}},"loc":{"start":{"line":13,"column":13},"end":{"line":25,"column":3}}}},"branchMap":{"0":{"loc":{"start":{"line":21,"column":11},"end":{"line":21,"column":38}},"type":"binary-expr","locations":[{"start":{"line":21,"column":11},"end":{"line":21,"column":32}},{"start":{"line":21,"column":36},"end":{"line":21,"column":38}}]},"1":{"loc":{"start":{"line":32,"column":11},"end":{"line":32,"column":24}},"type":"binary-expr","locations":[{"start":{"line":32,"column":11},"end":{"line":32,"column":18}},{"start":{"line":32,"column":22},"end":{"line":32,"column":24}}]}},"s":{"0":1,"1":1,"2":1,"3":0,"4":0,"5":0,"6":0,"7":0,"8":0,"9":1},"f":{"0":0,"1":0},"b":{"0":[0,0],"1":[0,0]}}
,"/Users/joaojunior/Documents/pokedex/src/@services/Api.ts": {"path":"/Users/joaojunior/Documents/pokedex/src/@services/Api.ts","statementMap":{"0":{"start":{"line":1,"column":0},"end":{"line":1,"column":26}},"1":{"start":{"line":3,"column":13},"end":{"line":5,"column":3}}},"fnMap":{},"branchMap":{},"s":{"0":3,"1":3},"f":{},"b":{}}
,"/Users/joaojunior/Documents/pokedex/src/@services/QueryClient.ts": {"path":"/Users/joaojunior/Documents/pokedex/src/@services/QueryClient.ts","statementMap":{"0":{"start":{"line":1,"column":0},"end":{"line":1,"column":62}},"1":{"start":{"line":3,"column":13},"end":{"line":7,"column":2}},"2":{"start":{"line":9,"column":13},"end":{"line":15,"column":3}}},"fnMap":{},"branchMap":{},"s":{"0":3,"1":3,"2":3},"f":{},"b":{}}
,"/Users/joaojunior/Documents/pokedex/src/@services/index.ts": {"path":"/Users/joaojunior/Documents/pokedex/src/@services/index.ts","statementMap":{"0":{"start":{"line":1,"column":0},"end":{"line":1,"column":22}},"1":{"start":{"line":2,"column":0},"end":{"line":2,"column":30}}},"fnMap":{},"branchMap":{},"s":{"0":3,"1":3},"f":{},"b":{}}
,"/Users/joaojunior/Documents/pokedex/src/@test/index.tsx": {"path":"/Users/joaojunior/Documents/pokedex/src/@test/index.tsx","statementMap":{"0":{"start":{"line":3,"column":0},"end":{"line":3,"column":48}},"1":{"start":{"line":4,"column":0},"end":{"line":4,"column":50}},"2":{"start":{"line":6,"column":0},"end":{"line":6,"column":77}},"3":{"start":{"line":8,"column":0},"end":{"line":8,"column":44}},"4":{"start":{"line":10,"column":28},"end":{"line":13,"column":null}},"5":{"start":{"line":11,"column":1},"end":{"line":12,"column":null}},"6":{"start":{"line":16,"column":21},"end":{"line":19,"column":65}},"7":{"start":{"line":19,"column":19},"end":{"line":19,"column":65}},"8":{"start":{"line":22,"column":25},"end":{"line":22,"column":31}},"9":{"start":{"line":21,"column":0},"end":{"line":21,"column":39}}},"fnMap":{"0":{"name":"(anonymous_4)","decl":{"start":{"line":10,"column":28},"end":{"line":10,"column":29}},"loc":{"start":{"line":11,"column":1},"end":{"line":12,"column":null}}},"1":{"name":"(anonymous_5)","decl":{"start":{"line":16,"column":21},"end":{"line":16,"column":null}},"loc":{"start":{"line":19,"column":19},"end":{"line":19,"column":65}}}},"branchMap":{},"s":{"0":3,"1":3,"2":3,"3":3,"4":3,"5":3,"6":3,"7":3,"8":3,"9":3},"f":{"0":3,"1":3},"b":{}}
}
