{"/Users/joaojunior/Documents/pokedex/src/@common/helpers/getPokemon.ts": {"path":"/Users/joaojunior/Documents/pokedex/src/@common/helpers/getPokemon.ts","statementMap":{"0":{"start":{"line":1,"column":33},"end":{"line":5,"column":1}},"1":{"start":{"line":2,"column":1},"end":{"line":4,"column":3}},"2":{"start":{"line":1,"column":13},"end":{"line":1,"column":33}}},"fnMap":{"0":{"name":"(anonymous_0)","decl":{"start":{"line":1,"column":33},"end":{"line":1,"column":34}},"loc":{"start":{"line":1,"column":49},"end":{"line":5,"column":1}}}},"branchMap":{},"s":{"0":1,"1":78,"2":1},"f":{"0":78},"b":{}}
,"/Users/joaojunior/Documents/pokedex/src/@common/helpers/index.ts": {"path":"/Users/joaojunior/Documents/pokedex/src/@common/helpers/index.ts","statementMap":{"0":{"start":{"line":1,"column":0},"end":{"line":1,"column":29}},"1":{"start":{"line":2,"column":0},"end":{"line":2,"column":30}}},"fnMap":{},"branchMap":{},"s":{"0":1,"1":1},"f":{},"b":{}}
,"/Users/joaojunior/Documents/pokedex/src/@common/helpers/reduceUrlId.ts": {"path":"/Users/joaojunior/Documents/pokedex/src/@common/helpers/reduceUrlId.ts","statementMap":{"0":{"start":{"line":1,"column":27},"end":{"line":6,"column":1}},"1":{"start":{"line":2,"column":1},"end":{"line":5,"column":20}},"2":{"start":{"line":1,"column":13},"end":{"line":1,"column":27}}},"fnMap":{"0":{"name":"(anonymous_0)","decl":{"start":{"line":1,"column":27},"end":{"line":1,"column":28}},"loc":{"start":{"line":1,"column":43},"end":{"line":6,"column":1}}}},"branchMap":{},"s":{"0":1,"1":0,"2":1},"f":{"0":0},"b":{}}
,"/Users/joaojunior/Documents/pokedex/src/@hooks/index.tsx": {"path":"/Users/joaojunior/Documents/pokedex/src/@hooks/index.tsx","statementMap":{"0":{"start":{"line":1,"column":0},"end":{"line":1,"column":27}},"1":{"start":{"line":2,"column":0},"end":{"line":2,"column":29}},"2":{"start":{"line":3,"column":0},"end":{"line":3,"column":34}}},"fnMap":{},"branchMap":{},"s":{"0":1,"1":1,"2":1},"f":{},"b":{}}
,"/Users/joaojunior/Documents/pokedex/src/@hooks/usePokemon.tsx": {"path":"/Users/joaojunior/Documents/pokedex/src/@hooks/usePokemon.tsx","statementMap":{"0":{"start":{"line":1,"column":0},"end":{"line":1,"column":39}},"1":{"start":{"line":5,"column":0},"end":{"line":5,"column":48}},"2":{"start":{"line":7,"column":26},"end":{"line":28,"column":1}},"3":{"start":{"line":8,"column":39},"end":{"line":21,"column":null}},"4":{"start":{"line":11,"column":3},"end":{"line":17,"column":null}},"5":{"start":{"line":12,"column":21},"end":{"line":12,"column":58}},"6":{"start":{"line":14,"column":4},"end":{"line":14,"column":25}},"7":{"start":{"line":16,"column":4},"end":{"line":16,"column":16}},"8":{"start":{"line":24,"column":1},"end":{"line":27,"column":3}},"9":{"start":{"line":7,"column":13},"end":{"line":7,"column":26}}},"fnMap":{"0":{"name":"(anonymous_0)","decl":{"start":{"line":7,"column":26},"end":{"line":7,"column":27}},"loc":{"start":{"line":7,"column":48},"end":{"line":28,"column":1}}},"1":{"name":"(anonymous_1)","decl":{"start":{"line":10,"column":2},"end":{"line":10,"column":7}},"loc":{"start":{"line":10,"column":13},"end":{"line":18,"column":3}}}},"branchMap":{},"s":{"0":1,"1":1,"2":1,"3":3,"4":2,"5":2,"6":1,"7":1,"8":3,"9":1},"f":{"0":3,"1":2},"b":{}}
,"/Users/joaojunior/Documents/pokedex/src/@hooks/usePokemonTypes.tsx": {"path":"/Users/joaojunior/Documents/pokedex/src/@hooks/usePokemonTypes.tsx","statementMap":{"0":{"start":{"line":1,"column":0},"end":{"line":1,"column":39}},"1":{"start":{"line":3,"column":0},"end":{"line":3,"column":56}},"2":{"start":{"line":5,"column":0},"end":{"line":5,"column":48}},"3":{"start":{"line":14,"column":31},"end":{"line":44,"column":1}},"4":{"start":{"line":15,"column":39},"end":{"line":37,"column":null}},"5":{"start":{"line":23,"column":20},"end":{"line":23,"column":51}},"6":{"start":{"line":25,"column":14},"end":{"line":25,"column":16}},"7":{"start":{"line":27,"column":3},"end":{"line":31,"column":null}},"8":{"start":{"line":28,"column":4},"end":{"line":30,"column":41}},"9":{"start":{"line":29,"column":30},"end":{"line":29,"column":72}},"10":{"start":{"line":30,"column":27},"end":{"line":30,"column":39}},"11":{"start":{"line":33,"column":3},"end":{"line":33,"column":15}},"12":{"start":{"line":40,"column":1},"end":{"line":43,"column":3}},"13":{"start":{"line":14,"column":13},"end":{"line":14,"column":31}}},"fnMap":{"0":{"name":"(anonymous_0)","decl":{"start":{"line":14,"column":31},"end":{"line":14,"column":32}},"loc":{"start":{"line":14,"column":50},"end":{"line":44,"column":1}}},"1":{"name":"(anonymous_1)","decl":{"start":{"line":22,"column":2},"end":{"line":22,"column":7}},"loc":{"start":{"line":22,"column":13},"end":{"line":34,"column":3}}},"2":{"name":"(anonymous_2)","decl":{"start":{"line":29,"column":13},"end":{"line":29,"column":14}},"loc":{"start":{"line":29,"column":30},"end":{"line":29,"column":72}}},"3":{"name":"(anonymous_3)","decl":{"start":{"line":30,"column":10},"end":{"line":30,"column":11}},"loc":{"start":{"line":30,"column":27},"end":{"line":30,"column":39}}}},"branchMap":{"0":{"loc":{"start":{"line":27,"column":3},"end":{"line":31,"column":null}},"type":"if","locations":[{"start":{"line":27,"column":3},"end":{"line":31,"column":null}}]}},"s":{"0":1,"1":1,"2":1,"3":1,"4":2,"5":1,"6":1,"7":1,"8":1,"9":78,"10":61,"11":1,"12":2,"13":1},"f":{"0":2,"1":1,"2":78,"3":61},"b":{"0":[1]}}
,"/Users/joaojunior/Documents/pokedex/src/@hooks/useTypes.tsx": {"path":"/Users/joaojunior/Documents/pokedex/src/@hooks/useTypes.tsx","statementMap":{"0":{"start":{"line":1,"column":0},"end":{"line":1,"column":39}},"1":{"start":{"line":3,"column":0},"end":{"line":3,"column":48}},"2":{"start":{"line":5,"column":24},"end":{"line":31,"column":1}},"3":{"start":{"line":6,"column":39},"end":{"line":24,"column":null}},"4":{"start":{"line":14,"column":20},"end":{"line":18,"column":5}},"5":{"start":{"line":20,"column":3},"end":{"line":20,"column":32}},"6":{"start":{"line":27,"column":1},"end":{"line":30,"column":3}},"7":{"start":{"line":5,"column":13},"end":{"line":5,"column":24}}},"fnMap":{"0":{"name":"(anonymous_0)","decl":{"start":{"line":5,"column":24},"end":{"line":5,"column":27}},"loc":{"start":{"line":5,"column":29},"end":{"line":31,"column":1}}},"1":{"name":"(anonymous_1)","decl":{"start":{"line":13,"column":2},"end":{"line":13,"column":7}},"loc":{"start":{"line":13,"column":13},"end":{"line":21,"column":3}}}},"branchMap":{},"s":{"0":1,"1":1,"2":1,"3":2,"4":1,"5":1,"6":2,"7":1},"f":{"0":2,"1":1},"b":{}}
,"/Users/joaojunior/Documents/pokedex/src/@services/Api.ts": {"path":"/Users/joaojunior/Documents/pokedex/src/@services/Api.ts","statementMap":{"0":{"start":{"line":1,"column":0},"end":{"line":1,"column":26}},"1":{"start":{"line":3,"column":13},"end":{"line":5,"column":3}}},"fnMap":{},"branchMap":{},"s":{"0":1,"1":1},"f":{},"b":{}}
,"/Users/joaojunior/Documents/pokedex/src/@services/QueryClient.ts": {"path":"/Users/joaojunior/Documents/pokedex/src/@services/QueryClient.ts","statementMap":{"0":{"start":{"line":1,"column":0},"end":{"line":1,"column":62}},"1":{"start":{"line":3,"column":13},"end":{"line":7,"column":2}},"2":{"start":{"line":9,"column":13},"end":{"line":15,"column":3}}},"fnMap":{},"branchMap":{},"s":{"0":1,"1":1,"2":1},"f":{},"b":{}}
,"/Users/joaojunior/Documents/pokedex/src/@services/index.ts": {"path":"/Users/joaojunior/Documents/pokedex/src/@services/index.ts","statementMap":{"0":{"start":{"line":1,"column":0},"end":{"line":1,"column":22}},"1":{"start":{"line":2,"column":0},"end":{"line":2,"column":30}}},"fnMap":{},"branchMap":{},"s":{"0":1,"1":1},"f":{},"b":{}}
,"/Users/joaojunior/Documents/pokedex/src/@test/index.tsx": {"path":"/Users/joaojunior/Documents/pokedex/src/@test/index.tsx","statementMap":{"0":{"start":{"line":3,"column":0},"end":{"line":3,"column":48}},"1":{"start":{"line":4,"column":0},"end":{"line":4,"column":50}},"2":{"start":{"line":6,"column":0},"end":{"line":6,"column":77}},"3":{"start":{"line":8,"column":0},"end":{"line":8,"column":44}},"4":{"start":{"line":10,"column":28},"end":{"line":13,"column":null}},"5":{"start":{"line":11,"column":1},"end":{"line":12,"column":null}},"6":{"start":{"line":22,"column":33},"end":{"line":22,"column":42}},"7":{"start":{"line":16,"column":21},"end":{"line":19,"column":65}},"8":{"start":{"line":19,"column":19},"end":{"line":19,"column":65}},"9":{"start":{"line":22,"column":25},"end":{"line":22,"column":31}},"10":{"start":{"line":21,"column":0},"end":{"line":21,"column":39}}},"fnMap":{"0":{"name":"(anonymous_4)","decl":{"start":{"line":10,"column":28},"end":{"line":10,"column":29}},"loc":{"start":{"line":11,"column":1},"end":{"line":12,"column":null}}},"1":{"name":"(anonymous_5)","decl":{"start":{"line":16,"column":21},"end":{"line":16,"column":null}},"loc":{"start":{"line":19,"column":19},"end":{"line":19,"column":65}}}},"branchMap":{},"s":{"0":1,"1":1,"2":1,"3":1,"4":1,"5":4,"6":1,"7":1,"8":0,"9":1,"10":1},"f":{"0":4,"1":0},"b":{}}
}
