TN:
SF:src/@common/helpers/getPokemon.ts
FN:1,(anonymous_0)
FNF:1
FNH:1
FNDA:78,(anonymous_0)
DA:1,1
DA:2,78
LF:2
LH:2
BRF:0
BRH:0
end_of_record
TN:
SF:src/@common/helpers/index.ts
FNF:0
FNH:0
DA:1,1
DA:2,1
LF:2
LH:2
BRF:0
BRH:0
end_of_record
TN:
SF:src/@common/helpers/reduceUrlId.ts
FN:1,(anonymous_0)
FNF:1
FNH:0
FNDA:0,(anonymous_0)
DA:1,1
DA:2,0
LF:2
LH:1
BRF:0
BRH:0
end_of_record
TN:
SF:src/@hooks/index.tsx
FNF:0
FNH:0
DA:1,1
DA:2,1
DA:3,1
LF:3
LH:3
BRF:0
BRH:0
end_of_record
TN:
SF:src/@hooks/usePokemon.tsx
FN:7,(anonymous_0)
FN:10,(anonymous_1)
FNF:2
FNH:2
FNDA:3,(anonymous_0)
FNDA:2,(anonymous_1)
DA:1,1
DA:5,1
DA:7,1
DA:8,3
DA:11,2
DA:12,2
DA:14,1
DA:16,1
DA:24,3
LF:9
LH:9
BRF:0
BRH:0
end_of_record
TN:
SF:src/@hooks/usePokemonTypes.tsx
FN:14,(anonymous_0)
FN:22,(anonymous_1)
FN:29,(anonymous_2)
FN:30,(anonymous_3)
FNF:4
FNH:4
FNDA:2,(anonymous_0)
FNDA:1,(anonymous_1)
FNDA:78,(anonymous_2)
FNDA:61,(anonymous_3)
DA:1,1
DA:3,1
DA:5,1
DA:14,1
DA:15,2
DA:23,1
DA:25,1
DA:27,1
DA:28,1
DA:29,78
DA:30,61
DA:33,1
DA:40,2
LF:13
LH:13
BRDA:27,0,0,1
BRF:1
BRH:1
end_of_record
TN:
SF:src/@hooks/useTypes.tsx
FN:5,(anonymous_0)
FN:13,(anonymous_1)
FNF:2
FNH:2
FNDA:2,(anonymous_0)
FNDA:1,(anonymous_1)
DA:1,1
DA:3,1
DA:5,1
DA:6,2
DA:14,1
DA:20,1
DA:27,2
LF:7
LH:7
BRF:0
BRH:0
end_of_record
TN:
SF:src/@services/Api.ts
FNF:0
FNH:0
DA:1,1
DA:3,1
LF:2
LH:2
BRF:0
BRH:0
end_of_record
TN:
SF:src/@services/QueryClient.ts
FNF:0
FNH:0
DA:1,1
DA:3,1
DA:9,1
LF:3
LH:3
BRF:0
BRH:0
end_of_record
TN:
SF:src/@services/index.ts
FNF:0
FNH:0
DA:1,1
DA:2,1
LF:2
LH:2
BRF:0
BRH:0
end_of_record
TN:
SF:src/@test/index.tsx
FN:10,(anonymous_4)
FN:16,(anonymous_5)
FNF:2
FNH:1
FNDA:4,(anonymous_4)
FNDA:0,(anonymous_5)
DA:3,1
DA:4,1
DA:6,1
DA:8,1
DA:10,1
DA:11,4
DA:16,1
DA:19,0
DA:21,1
DA:22,1
LF:10
LH:9
BRF:0
BRH:0
end_of_record
