TN:
SF:src/@common/helpers/getPokemon.ts
FN:1,(anonymous_0)
FNF:1
FNH:1
FNDA:79,(anonymous_0)
DA:1,4
DA:2,79
LF:2
LH:2
BRF:0
BRH:0
end_of_record
TN:
SF:src/@common/helpers/index.ts
FNF:0
FNH:0
DA:1,4
DA:2,4
LF:2
LH:2
BRF:0
BRH:0
end_of_record
TN:
SF:src/@common/helpers/reduceUrlId.ts
FN:1,(anonymous_0)
FNF:1
FNH:1
FNDA:3,(anonymous_0)
DA:1,4
DA:2,3
LF:2
LH:2
BRF:0
BRH:0
end_of_record
TN:
SF:src/@common/ui/default.ts
FNF:0
FNH:0
DA:1,8
DA:3,8
DA:5,8
DA:44,8
LF:4
LH:4
BRF:0
BRH:0
end_of_record
TN:
SF:src/@common/ui/index.ts
FNF:0
FNH:0
DA:1,8
DA:2,8
LF:2
LH:2
BRF:0
BRH:0
end_of_record
TN:
SF:src/@common/ui/theme.ts
FN:103,(anonymous_0)
FNF:1
FNH:0
FNDA:0,(anonymous_0)
DA:1,8
DA:4,8
DA:103,8
DA:104,0
DA:127,0
LF:5
LH:3
BRF:0
BRH:0
end_of_record
TN:
SF:src/@components/atoms/index.tsx
FNF:0
FNH:0
DA:1,2
DA:2,2
DA:3,2
DA:4,2
LF:4
LH:4
BRF:0
BRH:0
end_of_record
TN:
SF:src/@components/atoms/HeaderTitle/HeaderTitle.stories.tsx
FN:18,(anonymous_0)
FNF:1
FNH:1
FNDA:1,(anonymous_0)
DA:2,1
DA:4,1
DA:6,1
DA:13,1
DA:18,1
DA:19,1
DA:24,1
LF:7
LH:7
BRF:0
BRH:0
end_of_record
TN:
SF:src/@components/atoms/HeaderTitle/HeaderTitle.tsx
FN:33,(anonymous_0)
FN:36,(anonymous_1)
FNF:2
FNH:2
FNDA:1,(anonymous_0)
FNDA:1,(anonymous_1)
DA:1,3
DA:3,3
DA:5,3
DA:7,3
DA:13,3
DA:20,3
DA:33,3
DA:34,1
DA:36,1
DA:37,1
DA:40,1
LF:11
LH:11
BRF:0
BRH:0
end_of_record
TN:
SF:src/@components/atoms/HeaderTitle/index.tsx
FNF:0
FNH:0
DA:1,2
LF:1
LH:1
BRF:0
BRH:0
end_of_record
TN:
SF:src/@components/atoms/IconHeaderMenu/IconHeaderMenu.stories.tsx
FN:18,(anonymous_0)
FNF:1
FNH:1
FNDA:1,(anonymous_0)
DA:3,1
DA:5,1
DA:7,1
DA:9,1
DA:13,1
DA:18,1
DA:19,1
DA:24,1
LF:8
LH:8
BRF:0
BRH:0
end_of_record
TN:
SF:src/@components/atoms/IconHeaderMenu/IconHeaderMenu.tsx
FN:26,(anonymous_0)
FN:29,(anonymous_1)
FN:36,(anonymous_2)
FNF:3
FNH:3
FNDA:10,(anonymous_0)
FNDA:1,(anonymous_1)
FNDA:1,(anonymous_2)
DA:1,3
DA:2,3
DA:10,3
DA:26,3
DA:27,10
DA:29,10
DA:30,1
DA:33,10
DA:36,1
LF:9
LH:9
BRF:0
BRH:0
end_of_record
TN:
SF:src/@components/atoms/IconHeaderMenu/index.tsx
FNF:0
FNH:0
DA:1,2
LF:1
LH:1
BRF:0
BRH:0
end_of_record
TN:
SF:src/@components/atoms/IconType/IconType.stories.tsx
FN:15,(anonymous_0)
FNF:1
FNH:1
FNDA:2,(anonymous_0)
DA:2,1
DA:4,1
DA:6,1
DA:10,1
DA:15,1
DA:16,2
DA:21,1
DA:58,1
LF:8
LH:8
BRF:0
BRH:0
end_of_record
TN:
SF:src/@components/atoms/IconType/IconType.tsx
FN:491,(anonymous_0)
FNF:1
FNH:1
FNDA:44,(anonymous_0)
DA:3,4
DA:5,4
DA:6,4
DA:7,4
DA:8,4
DA:9,4
DA:10,4
DA:11,4
DA:12,4
DA:13,4
DA:14,4
DA:15,4
DA:16,4
DA:17,4
DA:18,4
DA:19,4
DA:20,4
DA:21,4
DA:22,4
DA:24,4
DA:47,4
DA:491,4
DA:498,44
LF:23
LH:23
BRDA:493,0,0,1
BRDA:500,1,0,44
BRDA:500,1,1,43
BRDA:500,1,2,41
BRF:4
BRH:4
end_of_record
TN:
SF:src/@components/atoms/IconType/index.tsx
FNF:0
FNH:0
DA:1,3
LF:1
LH:1
BRF:0
BRH:0
end_of_record
TN:
SF:src/@components/atoms/Typography/Typography.stories.tsx
FN:10,(anonymous_0)
FNF:1
FNH:1
FNDA:1,(anonymous_0)
DA:3,1
DA:5,1
DA:10,1
DA:11,1
DA:14,1
DA:23,1
LF:6
LH:6
BRF:0
BRH:0
end_of_record
TN:
SF:src/@components/atoms/Typography/Typography.tsx
FN:24,(anonymous_0)
FNF:1
FNH:1
FNDA:1,(anonymous_0)
DA:2,3
DA:6,3
DA:24,3
DA:28,1
LF:4
LH:4
BRF:0
BRH:0
end_of_record
TN:
SF:src/@components/atoms/Typography/index.tsx
FNF:0
FNH:0
DA:1,2
LF:1
LH:1
BRF:0
BRH:0
end_of_record
TN:
SF:src/@components/molecules/HeaderMenu/HeaderMenu.stories.tsx
FN:10,(anonymous_0)
FNF:1
FNH:1
FNDA:3,(anonymous_0)
DA:3,1
DA:5,1
DA:10,3
LF:3
LH:3
BRF:0
BRH:0
end_of_record
TN:
SF:src/@components/molecules/HeaderMenu/HeaderMenu.tsx
FN:17,(anonymous_0)
FN:39,(anonymous_1)
FNF:2
FNH:2
FNDA:3,(anonymous_0)
FNDA:9,(anonymous_1)
DA:1,1
DA:3,1
DA:5,1
DA:7,1
DA:17,1
DA:18,3
DA:36,3
DA:40,9
LF:8
LH:8
BRF:0
BRH:0
end_of_record
TN:
SF:src/@components/molecules/HighlightHome/HighlightHome.stories.tsx
FN:10,(anonymous_0)
FNF:1
FNH:1
FNDA:2,(anonymous_0)
DA:3,1
DA:5,1
DA:10,1
DA:11,2
DA:14,1
LF:5
LH:5
BRF:0
BRH:0
end_of_record
TN:
SF:src/@components/molecules/HighlightHome/HighlightHome.tsx
FN:24,(anonymous_0)
FNF:1
FNH:1
FNDA:2,(anonymous_0)
DA:1,1
DA:3,1
DA:7,1
DA:13,1
DA:24,1
DA:25,2
LF:6
LH:6
BRDA:27,0,0,2
BRDA:27,0,1,2
BRF:2
BRH:2
end_of_record
TN:
SF:src/@components/molecules/PokemonCard/PokemonCard.stories.tsx
FN:10,(anonymous_0)
FNF:1
FNH:1
FNDA:1,(anonymous_0)
DA:3,1
DA:5,1
DA:10,1
DA:11,1
DA:14,1
LF:5
LH:5
BRF:0
BRH:0
end_of_record
TN:
SF:src/@components/molecules/PokemonCard/PokemonCard.tsx
FN:56,(anonymous_0)
FN:80,(anonymous_1)
FNF:2
FNH:2
FNDA:1,(anonymous_0)
FNDA:2,(anonymous_1)
DA:1,1
DA:2,1
DA:4,1
DA:6,1
DA:8,1
DA:15,1
DA:24,1
DA:56,1
DA:61,1
DA:63,1
DA:81,2
LF:11
LH:11
BRF:0
BRH:0
end_of_record
TN:
SF:src/@components/organisms/ListTypes/ListTypes.stories.tsx
FN:10,(anonymous_0)
FNF:1
FNH:1
FNDA:2,(anonymous_0)
DA:3,1
DA:5,1
DA:10,2
LF:3
LH:3
BRF:0
BRH:0
end_of_record
TN:
SF:src/@components/organisms/ListTypes/ListTypes.tsx
FN:19,(anonymous_0)
FN:24,(anonymous_1)
FNF:2
FNH:2
FNDA:2,(anonymous_0)
FNDA:40,(anonymous_1)
DA:1,1
DA:2,1
DA:3,1
DA:5,1
DA:7,1
DA:15,1
DA:19,1
DA:20,2
DA:22,2
DA:25,40
LF:10
LH:10
BRF:0
BRH:0
end_of_record
TN:
SF:src/@hooks/index.tsx
FNF:0
FNH:0
DA:1,3
DA:2,3
DA:3,3
LF:3
LH:3
BRF:0
BRH:0
end_of_record
TN:
SF:src/@hooks/usePokemon.tsx
FN:7,(anonymous_0)
FN:10,(anonymous_1)
FNF:2
FNH:2
FNDA:3,(anonymous_0)
FNDA:2,(anonymous_1)
DA:1,3
DA:5,3
DA:7,3
DA:8,3
DA:11,2
DA:12,2
DA:14,1
DA:16,1
DA:24,3
LF:9
LH:9
BRF:0
BRH:0
end_of_record
TN:
SF:src/@hooks/usePokemonTypes.tsx
FN:14,(anonymous_0)
FN:22,(anonymous_1)
FN:29,(anonymous_2)
FN:30,(anonymous_3)
FNF:4
FNH:4
FNDA:2,(anonymous_0)
FNDA:1,(anonymous_1)
FNDA:78,(anonymous_2)
FNDA:61,(anonymous_3)
DA:1,3
DA:3,3
DA:5,3
DA:14,3
DA:15,2
DA:23,1
DA:25,1
DA:27,1
DA:28,1
DA:29,78
DA:30,61
DA:33,1
DA:40,2
LF:13
LH:13
BRDA:27,0,0,1
BRF:1
BRH:1
end_of_record
TN:
SF:src/@hooks/useTypes.tsx
FN:5,(anonymous_0)
FN:13,(anonymous_1)
FNF:2
FNH:2
FNDA:2,(anonymous_0)
FNDA:1,(anonymous_1)
DA:1,3
DA:3,3
DA:5,3
DA:6,2
DA:14,1
DA:20,1
DA:27,2
LF:7
LH:7
BRF:0
BRH:0
end_of_record
TN:
SF:src/@services/Api.ts
FNF:0
FNH:0
DA:1,5
DA:3,5
LF:2
LH:2
BRF:0
BRH:0
end_of_record
TN:
SF:src/@services/QueryClient.ts
FNF:0
FNH:0
DA:1,5
DA:3,5
DA:9,5
LF:3
LH:3
BRF:0
BRH:0
end_of_record
TN:
SF:src/@services/index.ts
FNF:0
FNH:0
DA:1,5
DA:2,5
LF:2
LH:2
BRF:0
BRH:0
end_of_record
TN:
SF:src/@test/index.tsx
FN:10,(anonymous_4)
FN:16,(anonymous_5)
FNF:2
FNH:2
FNDA:9,(anonymous_4)
FNDA:5,(anonymous_5)
DA:3,5
DA:4,5
DA:6,5
DA:8,5
DA:10,5
DA:11,9
DA:16,5
DA:19,5
DA:21,5
DA:22,5
LF:10
LH:10
BRF:0
BRH:0
end_of_record
